<?xml version="1.0" encoding="UTF-8" ?>
<testsuite tests="7" failures="2" name="com.sap.f2.F2_RunTest" time="0.005" errors="0" skipped="0">
  <properties>
[...]
</properties>
  <testcase classname="Scenario: Test API response for normal details" name="Given user start the rest asured test" time="0.002"/>
  <testcase classname="Scenario: Test API response for normal details" name="When user hit the get request" time="0"/>
  <testcase classname="Scenario: Test API response for normal details" name="Then user checks 200 the status code" time="0"/>
  <testcase classname="Scenario: Test API response for normal details" name="Then user checks the count or size" time="0"/>
  <testcase classname="Scenario: Test API response for normal details" name="Then user checks &quot;albert_park&quot; value" time="0"/>
  <testcase classname="Scenario: Test API response for normal details" name="Then user checks at path &quot;MRData.CircuitTable.Circuits.circuitId[0]&quot; with the &quot;albert_park&quot; value" time="0.001">
    <failure message="expected:&lt;false&gt; but was:&lt;true&gt;" type="java.lang.AssertionError">java.lang.AssertionError: expected:&lt;false&gt; but was:&lt;true&gt;
	at org.junit.Assert.fail(Assert.java:88)
	at org.junit.Assert.failNotEquals(Assert.java:834)
	at org.junit.Assert.assertEquals(Assert.java:118)
	at org.junit.Assert.assertEquals(Assert.java:144)
	at com.sap.f2.F2_SD.user_checks_at_path_with_the_value(F2_SD.java:75)
	at ✽.Then user checks at path &quot;MRData.CircuitTable.Circuits.circuitId[0]&quot; with the &quot;albert_park&quot; value(com/sap/f2/F2_circuits.feature:10)
</failure>
  </testcase>
  <testcase classname="Scenario: Test API response for normal details" name="Scenario: Test API response for normal details" time="0.002">
    <failure message="expected:&lt;false&gt; but was:&lt;true&gt;" type="java.lang.AssertionError">java.lang.AssertionError: expected:&lt;false&gt; but was:&lt;true&gt;
	at org.junit.Assert.fail(Assert.java:88)
	at org.junit.Assert.failNotEquals(Assert.java:834)
	at org.junit.Assert.assertEquals(Assert.java:118)
	at org.junit.Assert.assertEquals(Assert.java:144)
	at com.sap.f2.F2_SD.user_checks_at_path_with_the_value(F2_SD.java:75)
	at ✽.Then user checks at path &quot;MRData.CircuitTable.Circuits.circuitId[0]&quot; with the &quot;albert_park&quot; value(com/sap/f2/F2_circuits.feature:10)
</failure>
  </testcase>
</testsuite>